2019-03-14 03:13:18,129 [INFO] from play.api.db.DefaultDBApi in play-dev-mode-akka.actor.default-dispatcher-2 - Database [default] initialized at jdbc:h2:mem:play;MODE=PostgreSQL;DB_CLOSE_DELAY=-1
2019-03-14 03:13:18,130 [INFO] from application in play-dev-mode-akka.actor.default-dispatcher-2 - Creating Pool for datasource 'default'
2019-03-14 03:13:19,271 [INFO] from play.api.http.EnabledFilters in play-dev-mode-akka.actor.default-dispatcher-2 - Enabled Filters (see <https://www.playframework.com/documentation/latest/Filters>):

    play.filters.csrf.CSRFFilter
    play.filters.headers.SecurityHeadersFilter
    play.filters.hosts.AllowedHostsFilter

2019-03-14 03:13:19,277 [INFO] from play.api.Play in play-dev-mode-akka.actor.default-dispatcher-2 - Application started (Dev) (no global state)
2019-03-14 03:13:22,175 [ERROR] from application in application-akka.actor.default-dispatcher-6 - 

! @7b7j4eb8k - Internal server error, for (GET) [/warehouses/new] ->
 
play.api.http.HttpErrorHandlerExceptions$$anon$1: Execution exception[[IllegalStateException: Default value must not be null]]
	at play.api.http.HttpErrorHandlerExceptions$.throwableToUsefulException(HttpErrorHandler.scala:323)
	at play.api.http.DefaultHttpErrorHandler.onServerError(HttpErrorHandler.scala:243)
	at play.core.server.AkkaHttpServer$$anonfun$1.applyOrElse(AkkaHttpServer.scala:382)
	at play.core.server.AkkaHttpServer$$anonfun$1.applyOrElse(AkkaHttpServer.scala:380)
	at scala.concurrent.Future.$anonfun$recoverWith$1(Future.scala:417)
	at scala.concurrent.impl.Promise.$anonfun$transformWith$1(Promise.scala:41)
	at scala.concurrent.impl.CallbackRunnable.run(Promise.scala:64)
	at akka.dispatch.BatchingExecutor$AbstractBatch.processBatch(BatchingExecutor.scala:55)
	at akka.dispatch.BatchingExecutor$BlockableBatch.$anonfun$run$1(BatchingExecutor.scala:91)
	at scala.runtime.java8.JFunction0$mcV$sp.apply(JFunction0$mcV$sp.java:23)
	at scala.concurrent.BlockContext$.withBlockContext(BlockContext.scala:85)
	at akka.dispatch.BatchingExecutor$BlockableBatch.run(BatchingExecutor.scala:91)
	at akka.dispatch.TaskInvocation.run(AbstractDispatcher.scala:40)
	at akka.dispatch.ForkJoinExecutorConfigurator$AkkaForkJoinTask.exec(ForkJoinExecutorConfigurator.scala:44)
	at akka.dispatch.forkjoin.ForkJoinTask.doExec(ForkJoinTask.java:260)
	at akka.dispatch.forkjoin.ForkJoinPool$WorkQueue.runTask(ForkJoinPool.java:1339)
	at akka.dispatch.forkjoin.ForkJoinPool.runWorker(ForkJoinPool.java:1979)
	at akka.dispatch.forkjoin.ForkJoinWorkerThread.run(ForkJoinWorkerThread.java:107)
Caused by: java.lang.IllegalStateException: Default value must not be null
	at org.springframework.util.Assert.state(Assert.java:73)
	at org.springframework.beans.AbstractNestablePropertyAccessor.setDefaultValue(AbstractNestablePropertyAccessor.java:873)
	at org.springframework.beans.AbstractNestablePropertyAccessor.getNestedPropertyAccessor(AbstractNestablePropertyAccessor.java:842)
	at org.springframework.beans.AbstractNestablePropertyAccessor.getPropertyAccessorForPropertyPath(AbstractNestablePropertyAccessor.java:816)
	at org.springframework.beans.AbstractNestablePropertyAccessor.getPropertyTypeDescriptor(AbstractNestablePropertyAccessor.java:517)
	at play.data.Form.field(Form.java:1146)
	at play.data.Form.apply(Form.java:1086)
	at play.data.Form.apply(Form.java:1075)
	at views.html.warehouses.details$.$anonfun$apply$1(details.template.scala:49)
	at views.html.helper.form$.apply(form.template.scala:35)
	at views.html.warehouses.details$.apply(details.template.scala:41)
	at views.html.warehouses.details$.render(details.template.scala:88)
	at views.html.warehouses.details.render(details.template.scala)
	at controllers.Warehouses.newWarehouse(Warehouses.java:64)
	at router.Routes$$anonfun$routes$1.$anonfun$applyOrElse$28(Routes.scala:456)
	at play.core.routing.HandlerInvokerFactory$$anon$8.resultCall(HandlerInvoker.scala:141)
	at play.core.routing.HandlerInvokerFactory$$anon$8.resultCall(HandlerInvoker.scala:140)
	at play.core.routing.HandlerInvokerFactory$JavaActionInvokerFactory$$anon$3$$anon$4$$anon$5.invocation(HandlerInvoker.scala:109)
	at play.core.j.JavaAction$$anon$1.call(JavaAction.scala:90)
	at play.mvc.Action.lambda$call$0(Action.java:84)
	at java.base/java.util.Optional.map(Optional.java:265)
	at play.mvc.Action.call(Action.java:79)
	at play.http.DefaultActionCreator$1.call(DefaultActionCreator.java:32)
	at play.core.j.JavaAction.$anonfun$apply$8(JavaAction.scala:140)
	at scala.concurrent.Future$.$anonfun$apply$1(Future.scala:658)
	at scala.util.Success.$anonfun$map$1(Try.scala:255)
	at scala.util.Success.map(Try.scala:213)
	at scala.concurrent.Future.$anonfun$map$1(Future.scala:292)
	at scala.concurrent.impl.Promise.liftedTree1$1(Promise.scala:33)
	at scala.concurrent.impl.Promise.$anonfun$transform$1(Promise.scala:33)
	at scala.concurrent.impl.CallbackRunnable.run(Promise.scala:64)
	at play.core.j.HttpExecutionContext$$anon$2.run(HttpExecutionContext.scala:67)
	at play.api.libs.streams.Execution$trampoline$.execute(Execution.scala:71)
	at play.core.j.HttpExecutionContext.execute(HttpExecutionContext.scala:59)
	at scala.concurrent.impl.CallbackRunnable.executeWithValue(Promise.scala:72)
	at scala.concurrent.impl.Promise$KeptPromise$Kept.onComplete(Promise.scala:372)
	at scala.concurrent.impl.Promise$KeptPromise$Kept.onComplete$(Promise.scala:371)
	at scala.concurrent.impl.Promise$KeptPromise$Successful.onComplete(Promise.scala:379)
	at scala.concurrent.impl.Promise.transform(Promise.scala:33)
	at scala.concurrent.impl.Promise.transform$(Promise.scala:31)
	at scala.concurrent.impl.Promise$KeptPromise$Successful.transform(Promise.scala:379)
	at scala.concurrent.Future.map(Future.scala:292)
	at scala.concurrent.Future.map$(Future.scala:292)
	at scala.concurrent.impl.Promise$KeptPromise$Successful.map(Promise.scala:379)
	at scala.concurrent.Future$.apply(Future.scala:658)
	at play.core.j.JavaAction.apply(JavaAction.scala:140)
	at play.api.mvc.Action.$anonfun$apply$2(Action.scala:97)
	at play.api.libs.streams.StrictAccumulator.$anonfun$mapFuture$4(Accumulator.scala:175)
	at scala.util.Try$.apply(Try.scala:213)
	at play.api.libs.streams.StrictAccumulator.$anonfun$mapFuture$3(Accumulator.scala:175)
	at scala.Function1.$anonfun$andThen$1(Function1.scala:57)
	at scala.Function1.$anonfun$andThen$1(Function1.scala:57)
	at play.api.libs.streams.StrictAccumulator.run(Accumulator.scala:208)
	at play.core.server.AkkaHttpServer.$anonfun$runAction$4(AkkaHttpServer.scala:376)
	at akka.http.scaladsl.util.FastFuture$.strictTransform$1(FastFuture.scala:41)
	at akka.http.scaladsl.util.FastFuture$.$anonfun$transformWith$3(FastFuture.scala:51)
	... 12 common frames omitted
2019-03-14 03:13:59,455 [ERROR] from application in application-akka.actor.default-dispatcher-2 - 

! @7b7j4gecf - Internal server error, for (GET) [/warehouses/new] ->
 
play.api.http.HttpErrorHandlerExceptions$$anon$1: Execution exception[[IllegalStateException: Default value must not be null]]
	at play.api.http.HttpErrorHandlerExceptions$.throwableToUsefulException(HttpErrorHandler.scala:323)
	at play.api.http.DefaultHttpErrorHandler.onServerError(HttpErrorHandler.scala:243)
	at play.core.server.AkkaHttpServer$$anonfun$1.applyOrElse(AkkaHttpServer.scala:382)
	at play.core.server.AkkaHttpServer$$anonfun$1.applyOrElse(AkkaHttpServer.scala:380)
	at scala.concurrent.Future.$anonfun$recoverWith$1(Future.scala:417)
	at scala.concurrent.impl.Promise.$anonfun$transformWith$1(Promise.scala:41)
	at scala.concurrent.impl.CallbackRunnable.run(Promise.scala:64)
	at akka.dispatch.BatchingExecutor$AbstractBatch.processBatch(BatchingExecutor.scala:55)
	at akka.dispatch.BatchingExecutor$BlockableBatch.$anonfun$run$1(BatchingExecutor.scala:91)
	at scala.runtime.java8.JFunction0$mcV$sp.apply(JFunction0$mcV$sp.java:23)
	at scala.concurrent.BlockContext$.withBlockContext(BlockContext.scala:85)
	at akka.dispatch.BatchingExecutor$BlockableBatch.run(BatchingExecutor.scala:91)
	at akka.dispatch.TaskInvocation.run(AbstractDispatcher.scala:40)
	at akka.dispatch.ForkJoinExecutorConfigurator$AkkaForkJoinTask.exec(ForkJoinExecutorConfigurator.scala:44)
	at akka.dispatch.forkjoin.ForkJoinTask.doExec(ForkJoinTask.java:260)
	at akka.dispatch.forkjoin.ForkJoinPool$WorkQueue.runTask(ForkJoinPool.java:1339)
	at akka.dispatch.forkjoin.ForkJoinPool.runWorker(ForkJoinPool.java:1979)
	at akka.dispatch.forkjoin.ForkJoinWorkerThread.run(ForkJoinWorkerThread.java:107)
Caused by: java.lang.IllegalStateException: Default value must not be null
	at org.springframework.util.Assert.state(Assert.java:73)
	at org.springframework.beans.AbstractNestablePropertyAccessor.setDefaultValue(AbstractNestablePropertyAccessor.java:873)
	at org.springframework.beans.AbstractNestablePropertyAccessor.getNestedPropertyAccessor(AbstractNestablePropertyAccessor.java:842)
	at org.springframework.beans.AbstractNestablePropertyAccessor.getPropertyAccessorForPropertyPath(AbstractNestablePropertyAccessor.java:816)
	at org.springframework.beans.AbstractNestablePropertyAccessor.getPropertyTypeDescriptor(AbstractNestablePropertyAccessor.java:517)
	at play.data.Form.field(Form.java:1146)
	at play.data.Form.apply(Form.java:1086)
	at play.data.Form.apply(Form.java:1075)
	at views.html.warehouses.details$.$anonfun$apply$1(details.template.scala:49)
	at views.html.helper.form$.apply(form.template.scala:35)
	at views.html.warehouses.details$.apply(details.template.scala:41)
	at views.html.warehouses.details$.render(details.template.scala:88)
	at views.html.warehouses.details.render(details.template.scala)
	at controllers.Warehouses.newWarehouse(Warehouses.java:64)
	at router.Routes$$anonfun$routes$1.$anonfun$applyOrElse$28(Routes.scala:456)
	at play.core.routing.HandlerInvokerFactory$$anon$8.resultCall(HandlerInvoker.scala:141)
	at play.core.routing.HandlerInvokerFactory$$anon$8.resultCall(HandlerInvoker.scala:140)
	at play.core.routing.HandlerInvokerFactory$JavaActionInvokerFactory$$anon$3$$anon$4$$anon$5.invocation(HandlerInvoker.scala:109)
	at play.core.j.JavaAction$$anon$1.call(JavaAction.scala:90)
	at play.mvc.Action.lambda$call$0(Action.java:84)
	at java.base/java.util.Optional.map(Optional.java:265)
	at play.mvc.Action.call(Action.java:79)
	at play.http.DefaultActionCreator$1.call(DefaultActionCreator.java:32)
	at play.core.j.JavaAction.$anonfun$apply$8(JavaAction.scala:140)
	at scala.concurrent.Future$.$anonfun$apply$1(Future.scala:658)
	at scala.util.Success.$anonfun$map$1(Try.scala:255)
	at scala.util.Success.map(Try.scala:213)
	at scala.concurrent.Future.$anonfun$map$1(Future.scala:292)
	at scala.concurrent.impl.Promise.liftedTree1$1(Promise.scala:33)
	at scala.concurrent.impl.Promise.$anonfun$transform$1(Promise.scala:33)
	at scala.concurrent.impl.CallbackRunnable.run(Promise.scala:64)
	at play.core.j.HttpExecutionContext$$anon$2.run(HttpExecutionContext.scala:67)
	at play.api.libs.streams.Execution$trampoline$.execute(Execution.scala:71)
	at play.core.j.HttpExecutionContext.execute(HttpExecutionContext.scala:59)
	at scala.concurrent.impl.CallbackRunnable.executeWithValue(Promise.scala:72)
	at scala.concurrent.impl.Promise$KeptPromise$Kept.onComplete(Promise.scala:372)
	at scala.concurrent.impl.Promise$KeptPromise$Kept.onComplete$(Promise.scala:371)
	at scala.concurrent.impl.Promise$KeptPromise$Successful.onComplete(Promise.scala:379)
	at scala.concurrent.impl.Promise.transform(Promise.scala:33)
	at scala.concurrent.impl.Promise.transform$(Promise.scala:31)
	at scala.concurrent.impl.Promise$KeptPromise$Successful.transform(Promise.scala:379)
	at scala.concurrent.Future.map(Future.scala:292)
	at scala.concurrent.Future.map$(Future.scala:292)
	at scala.concurrent.impl.Promise$KeptPromise$Successful.map(Promise.scala:379)
	at scala.concurrent.Future$.apply(Future.scala:658)
	at play.core.j.JavaAction.apply(JavaAction.scala:140)
	at play.api.mvc.Action.$anonfun$apply$2(Action.scala:97)
	at play.api.libs.streams.StrictAccumulator.$anonfun$mapFuture$4(Accumulator.scala:175)
	at scala.util.Try$.apply(Try.scala:213)
	at play.api.libs.streams.StrictAccumulator.$anonfun$mapFuture$3(Accumulator.scala:175)
	at scala.Function1.$anonfun$andThen$1(Function1.scala:57)
	at scala.Function1.$anonfun$andThen$1(Function1.scala:57)
	at play.api.libs.streams.StrictAccumulator.run(Accumulator.scala:208)
	at play.core.server.AkkaHttpServer.$anonfun$runAction$4(AkkaHttpServer.scala:376)
	at akka.http.scaladsl.util.FastFuture$.strictTransform$1(FastFuture.scala:41)
	at akka.http.scaladsl.util.FastFuture$.$anonfun$transformWith$3(FastFuture.scala:51)
	... 12 common frames omitted
2019-03-14 03:14:11,907 [INFO] from application in application-akka.actor.default-dispatcher-2 - Shutting down connection pool.
2019-03-14 03:14:12,068 [INFO] from play.api.db.DefaultDBApi in play-dev-mode-akka.actor.default-dispatcher-13 - Database [default] initialized at jdbc:h2:mem:play;MODE=PostgreSQL;DB_CLOSE_DELAY=-1
2019-03-14 03:14:12,069 [INFO] from application in play-dev-mode-akka.actor.default-dispatcher-13 - Creating Pool for datasource 'default'
2019-03-14 03:14:12,194 [INFO] from play.api.http.EnabledFilters in play-dev-mode-akka.actor.default-dispatcher-13 - Enabled Filters (see <https://www.playframework.com/documentation/latest/Filters>):

    play.filters.csrf.CSRFFilter
    play.filters.headers.SecurityHeadersFilter
    play.filters.hosts.AllowedHostsFilter

2019-03-14 03:14:12,197 [INFO] from play.api.Play in play-dev-mode-akka.actor.default-dispatcher-13 - Application started (Dev) (no global state)
2019-03-14 03:15:19,679 [INFO] from application in application-akka.actor.default-dispatcher-4 - Shutting down connection pool.
2019-03-14 03:15:19,811 [INFO] from play.api.db.DefaultDBApi in play-dev-mode-akka.actor.default-dispatcher-6 - Database [default] initialized at jdbc:h2:mem:play;MODE=PostgreSQL;DB_CLOSE_DELAY=-1
2019-03-14 03:15:19,811 [INFO] from application in play-dev-mode-akka.actor.default-dispatcher-6 - Creating Pool for datasource 'default'
2019-03-14 03:15:19,904 [INFO] from play.api.http.EnabledFilters in play-dev-mode-akka.actor.default-dispatcher-6 - Enabled Filters (see <https://www.playframework.com/documentation/latest/Filters>):

    play.filters.csrf.CSRFFilter
    play.filters.headers.SecurityHeadersFilter
    play.filters.hosts.AllowedHostsFilter

2019-03-14 03:15:19,906 [INFO] from play.api.Play in play-dev-mode-akka.actor.default-dispatcher-6 - Application started (Dev) (no global state)
2019-03-14 03:16:15,532 [INFO] from application in application-akka.actor.default-dispatcher-3 - Shutting down connection pool.
2019-03-14 03:16:15,645 [INFO] from play.api.db.DefaultDBApi in play-dev-mode-akka.actor.default-dispatcher-13 - Database [default] initialized at jdbc:h2:mem:play;MODE=PostgreSQL;DB_CLOSE_DELAY=-1
2019-03-14 03:16:15,646 [INFO] from application in play-dev-mode-akka.actor.default-dispatcher-13 - Creating Pool for datasource 'default'
2019-03-14 03:16:15,737 [INFO] from play.api.http.EnabledFilters in play-dev-mode-akka.actor.default-dispatcher-13 - Enabled Filters (see <https://www.playframework.com/documentation/latest/Filters>):

    play.filters.csrf.CSRFFilter
    play.filters.headers.SecurityHeadersFilter
    play.filters.hosts.AllowedHostsFilter

2019-03-14 03:16:15,738 [INFO] from play.api.Play in play-dev-mode-akka.actor.default-dispatcher-13 - Application started (Dev) (no global state)
2019-03-14 03:16:30,831 [INFO] from application in application-akka.actor.default-dispatcher-9 - Shutting down connection pool.
2019-03-14 03:16:30,934 [INFO] from play.api.db.DefaultDBApi in play-dev-mode-akka.actor.default-dispatcher-14 - Database [default] initialized at jdbc:h2:mem:play;MODE=PostgreSQL;DB_CLOSE_DELAY=-1
2019-03-14 03:16:30,934 [INFO] from application in play-dev-mode-akka.actor.default-dispatcher-14 - Creating Pool for datasource 'default'
2019-03-14 03:16:31,009 [INFO] from play.api.http.EnabledFilters in play-dev-mode-akka.actor.default-dispatcher-14 - Enabled Filters (see <https://www.playframework.com/documentation/latest/Filters>):

    play.filters.csrf.CSRFFilter
    play.filters.headers.SecurityHeadersFilter
    play.filters.hosts.AllowedHostsFilter

2019-03-14 03:16:31,010 [INFO] from play.api.Play in play-dev-mode-akka.actor.default-dispatcher-14 - Application started (Dev) (no global state)
2019-03-14 03:17:29,228 [INFO] from application in application-akka.actor.default-dispatcher-2 - Shutting down connection pool.
2019-03-14 03:17:29,327 [INFO] from play.api.db.DefaultDBApi in play-dev-mode-akka.actor.default-dispatcher-13 - Database [default] initialized at jdbc:h2:mem:play;MODE=PostgreSQL;DB_CLOSE_DELAY=-1
2019-03-14 03:17:29,327 [INFO] from application in play-dev-mode-akka.actor.default-dispatcher-13 - Creating Pool for datasource 'default'
2019-03-14 03:17:29,405 [INFO] from play.api.http.EnabledFilters in play-dev-mode-akka.actor.default-dispatcher-13 - Enabled Filters (see <https://www.playframework.com/documentation/latest/Filters>):

    play.filters.csrf.CSRFFilter
    play.filters.headers.SecurityHeadersFilter
    play.filters.hosts.AllowedHostsFilter

2019-03-14 03:17:29,407 [INFO] from play.api.Play in play-dev-mode-akka.actor.default-dispatcher-13 - Application started (Dev) (no global state)
2019-03-14 03:26:20,879 [INFO] from application in application-akka.actor.default-dispatcher-5 - Shutting down connection pool.
2019-03-14 03:26:21,000 [INFO] from play.api.db.DefaultDBApi in play-dev-mode-akka.actor.default-dispatcher-11 - Database [default] initialized at jdbc:h2:mem:play;MODE=PostgreSQL;DB_CLOSE_DELAY=-1
2019-03-14 03:26:21,001 [INFO] from application in play-dev-mode-akka.actor.default-dispatcher-11 - Creating Pool for datasource 'default'
2019-03-14 03:26:21,087 [INFO] from play.api.http.EnabledFilters in play-dev-mode-akka.actor.default-dispatcher-11 - Enabled Filters (see <https://www.playframework.com/documentation/latest/Filters>):

    play.filters.csrf.CSRFFilter
    play.filters.headers.SecurityHeadersFilter
    play.filters.hosts.AllowedHostsFilter

2019-03-14 03:26:21,088 [INFO] from play.api.Play in play-dev-mode-akka.actor.default-dispatcher-11 - Application started (Dev) (no global state)
2019-03-14 03:27:12,906 [INFO] from application in application-akka.actor.default-dispatcher-9 - Shutting down connection pool.
2019-03-14 03:27:13,010 [INFO] from play.api.db.DefaultDBApi in play-dev-mode-akka.actor.default-dispatcher-49 - Database [default] initialized at jdbc:h2:mem:play;MODE=PostgreSQL;DB_CLOSE_DELAY=-1
2019-03-14 03:27:13,010 [INFO] from application in play-dev-mode-akka.actor.default-dispatcher-49 - Creating Pool for datasource 'default'
2019-03-14 03:27:13,094 [INFO] from play.api.http.EnabledFilters in play-dev-mode-akka.actor.default-dispatcher-49 - Enabled Filters (see <https://www.playframework.com/documentation/latest/Filters>):

    play.filters.csrf.CSRFFilter
    play.filters.headers.SecurityHeadersFilter
    play.filters.hosts.AllowedHostsFilter

2019-03-14 03:27:13,094 [INFO] from play.api.Play in play-dev-mode-akka.actor.default-dispatcher-49 - Application started (Dev) (no global state)
2019-03-14 03:28:39,213 [INFO] from application in application-akka.actor.default-dispatcher-4 - Shutting down connection pool.
2019-03-14 03:28:39,314 [INFO] from play.api.db.DefaultDBApi in play-dev-mode-akka.actor.default-dispatcher-43 - Database [default] initialized at jdbc:h2:mem:play;MODE=PostgreSQL;DB_CLOSE_DELAY=-1
2019-03-14 03:28:39,314 [INFO] from application in play-dev-mode-akka.actor.default-dispatcher-43 - Creating Pool for datasource 'default'
2019-03-14 03:28:39,392 [INFO] from play.api.http.EnabledFilters in play-dev-mode-akka.actor.default-dispatcher-43 - Enabled Filters (see <https://www.playframework.com/documentation/latest/Filters>):

    play.filters.csrf.CSRFFilter
    play.filters.headers.SecurityHeadersFilter
    play.filters.hosts.AllowedHostsFilter

2019-03-14 03:28:39,393 [INFO] from play.api.Play in play-dev-mode-akka.actor.default-dispatcher-43 - Application started (Dev) (no global state)
2019-03-14 03:32:14,176 [INFO] from application in application-akka.actor.default-dispatcher-9 - Shutting down connection pool.
2019-03-14 03:32:14,280 [INFO] from play.api.db.DefaultDBApi in play-dev-mode-akka.actor.default-dispatcher-64 - Database [default] initialized at jdbc:h2:mem:play;MODE=PostgreSQL;DB_CLOSE_DELAY=-1
2019-03-14 03:32:14,281 [INFO] from application in play-dev-mode-akka.actor.default-dispatcher-64 - Creating Pool for datasource 'default'
2019-03-14 03:32:14,354 [INFO] from play.api.http.EnabledFilters in play-dev-mode-akka.actor.default-dispatcher-64 - Enabled Filters (see <https://www.playframework.com/documentation/latest/Filters>):

    play.filters.csrf.CSRFFilter
    play.filters.headers.SecurityHeadersFilter
    play.filters.hosts.AllowedHostsFilter

2019-03-14 03:32:14,355 [INFO] from play.api.Play in play-dev-mode-akka.actor.default-dispatcher-64 - Application started (Dev) (no global state)
2019-03-14 03:32:22,345 [INFO] from application in application-akka.actor.default-dispatcher-3 - Shutting down connection pool.
2019-03-14 03:32:22,446 [INFO] from play.api.db.DefaultDBApi in play-dev-mode-akka.actor.default-dispatcher-42 - Database [default] initialized at jdbc:h2:mem:play;MODE=PostgreSQL;DB_CLOSE_DELAY=-1
2019-03-14 03:32:22,446 [INFO] from application in play-dev-mode-akka.actor.default-dispatcher-42 - Creating Pool for datasource 'default'
2019-03-14 03:32:22,520 [INFO] from play.api.http.EnabledFilters in play-dev-mode-akka.actor.default-dispatcher-42 - Enabled Filters (see <https://www.playframework.com/documentation/latest/Filters>):

    play.filters.csrf.CSRFFilter
    play.filters.headers.SecurityHeadersFilter
    play.filters.hosts.AllowedHostsFilter

2019-03-14 03:32:22,521 [INFO] from play.api.Play in play-dev-mode-akka.actor.default-dispatcher-42 - Application started (Dev) (no global state)
2019-03-14 03:36:36,473 [INFO] from application in application-akka.actor.default-dispatcher-10 - Shutting down connection pool.
2019-03-14 03:36:36,569 [INFO] from play.api.db.DefaultDBApi in play-dev-mode-akka.actor.default-dispatcher-77 - Database [default] initialized at jdbc:h2:mem:play;MODE=PostgreSQL;DB_CLOSE_DELAY=-1
2019-03-14 03:36:36,569 [INFO] from application in play-dev-mode-akka.actor.default-dispatcher-77 - Creating Pool for datasource 'default'
2019-03-14 03:36:36,636 [INFO] from play.api.http.EnabledFilters in play-dev-mode-akka.actor.default-dispatcher-77 - Enabled Filters (see <https://www.playframework.com/documentation/latest/Filters>):

    play.filters.csrf.CSRFFilter
    play.filters.headers.SecurityHeadersFilter
    play.filters.hosts.AllowedHostsFilter

2019-03-14 03:36:36,636 [INFO] from play.api.Play in play-dev-mode-akka.actor.default-dispatcher-77 - Application started (Dev) (no global state)
2019-03-14 03:38:00,653 [INFO] from application in application-akka.actor.default-dispatcher-3 - Shutting down connection pool.
2019-03-14 03:38:00,744 [INFO] from play.api.db.DefaultDBApi in play-dev-mode-akka.actor.default-dispatcher-87 - Database [default] initialized at jdbc:h2:mem:play;MODE=PostgreSQL;DB_CLOSE_DELAY=-1
2019-03-14 03:38:00,744 [INFO] from application in play-dev-mode-akka.actor.default-dispatcher-87 - Creating Pool for datasource 'default'
2019-03-14 03:38:00,839 [INFO] from play.api.http.EnabledFilters in play-dev-mode-akka.actor.default-dispatcher-87 - Enabled Filters (see <https://www.playframework.com/documentation/latest/Filters>):

    play.filters.csrf.CSRFFilter
    play.filters.headers.SecurityHeadersFilter
    play.filters.hosts.AllowedHostsFilter

2019-03-14 03:38:00,840 [INFO] from play.api.Play in play-dev-mode-akka.actor.default-dispatcher-87 - Application started (Dev) (no global state)
2019-03-14 03:40:23,788 [ERROR] from application in play-dev-mode-akka.actor.default-dispatcher-76 - 

! @7b7j82i3m - Internal server error, for (GET) [/warehouses/] ->
 
play.sbt.PlayExceptions$CompilationException: Compilation error[cannot find symbol
  symbol:   variable ean
  location: class controllers.Warehouses]
	at play.sbt.PlayExceptions$CompilationException$.apply(PlayExceptions.scala:35)
	at play.sbt.PlayExceptions$CompilationException$.apply(PlayExceptions.scala:35)
	at scala.Option.map(Option.scala:146)
	at play.sbt.run.PlayReload$.$anonfun$taskFailureHandler$1(PlayReload.scala:34)
	at scala.Option.map(Option.scala:146)
	at play.sbt.run.PlayReload$.taskFailureHandler(PlayReload.scala:29)
	at play.sbt.run.PlayReload$.compileFailure(PlayReload.scala:25)
	at play.sbt.run.PlayReload$.$anonfun$compile$3(PlayReload.scala:52)
	at scala.util.Either$LeftProjection.map(Either.scala:569)
	at play.sbt.run.PlayReload$.compile(PlayReload.scala:52)
	at play.sbt.run.PlayRun$.$anonfun$playRunTask$4(PlayRun.scala:77)
	at play.runsupport.Reloader.$anonfun$reload$1(Reloader.scala:413)
	at play.runsupport.Reloader$$anon$1.run(Reloader.scala:51)
	at java.base/java.security.AccessController.doPrivileged(Native Method)
	at play.runsupport.Reloader$.play$runsupport$Reloader$$withReloaderContextClassLoader(Reloader.scala:56)
	at play.runsupport.Reloader.reload(Reloader.scala:413)
	at play.core.server.DevServerStart$$anon$1.get(DevServerStart.scala:126)
	at play.core.server.AkkaHttpServer.handleRequest(AkkaHttpServer.scala:253)
	at play.core.server.AkkaHttpServer.$anonfun$createServerBinding$1(AkkaHttpServer.scala:149)
	at akka.stream.impl.fusing.MapAsync$$anon$30.onPush(Ops.scala:1207)
	at akka.stream.impl.fusing.GraphInterpreter.processPush(GraphInterpreter.scala:519)
	at akka.stream.impl.fusing.GraphInterpreter.execute(GraphInterpreter.scala:411)
	at akka.stream.impl.fusing.GraphInterpreterShell.runBatch(ActorGraphInterpreter.scala:588)
	at akka.stream.impl.fusing.GraphInterpreterShell$AsyncInput.execute(ActorGraphInterpreter.scala:472)
	at akka.stream.impl.fusing.GraphInterpreterShell.processEvent(ActorGraphInterpreter.scala:563)
	at akka.stream.impl.fusing.ActorGraphInterpreter.akka$stream$impl$fusing$ActorGraphInterpreter$$processEvent(ActorGraphInterpreter.scala:745)
	at akka.stream.impl.fusing.ActorGraphInterpreter$$anonfun$receive$1.applyOrElse(ActorGraphInterpreter.scala:760)
	at akka.actor.Actor.aroundReceive(Actor.scala:517)
	at akka.actor.Actor.aroundReceive$(Actor.scala:515)
	at akka.stream.impl.fusing.ActorGraphInterpreter.aroundReceive(ActorGraphInterpreter.scala:670)
	at akka.actor.ActorCell.receiveMessage(ActorCell.scala:588)
	at akka.actor.ActorCell.invoke(ActorCell.scala:557)
	at akka.dispatch.Mailbox.processMailbox(Mailbox.scala:258)
	at akka.dispatch.Mailbox.run(Mailbox.scala:225)
	at akka.dispatch.Mailbox.exec(Mailbox.scala:235)
	at akka.dispatch.forkjoin.ForkJoinTask.doExec(ForkJoinTask.java:260)
	at akka.dispatch.forkjoin.ForkJoinPool$WorkQueue.runTask(ForkJoinPool.java:1339)
	at akka.dispatch.forkjoin.ForkJoinPool.runWorker(ForkJoinPool.java:1979)
	at akka.dispatch.forkjoin.ForkJoinWorkerThread.run(ForkJoinWorkerThread.java:107)
2019-03-14 03:40:50,004 [ERROR] from application in play-dev-mode-akka.actor.default-dispatcher-78 - 

! @7b7j844ok - Internal server error, for (GET) [/warehouses/] ->
 
play.sbt.PlayExceptions$CompilationException: Compilation error[unreachable statement]
	at play.sbt.PlayExceptions$CompilationException$.apply(PlayExceptions.scala:35)
	at play.sbt.PlayExceptions$CompilationException$.apply(PlayExceptions.scala:35)
	at scala.Option.map(Option.scala:146)
	at play.sbt.run.PlayReload$.$anonfun$taskFailureHandler$1(PlayReload.scala:34)
	at scala.Option.map(Option.scala:146)
	at play.sbt.run.PlayReload$.taskFailureHandler(PlayReload.scala:29)
	at play.sbt.run.PlayReload$.compileFailure(PlayReload.scala:25)
	at play.sbt.run.PlayReload$.$anonfun$compile$3(PlayReload.scala:52)
	at scala.util.Either$LeftProjection.map(Either.scala:569)
	at play.sbt.run.PlayReload$.compile(PlayReload.scala:52)
	at play.sbt.run.PlayRun$.$anonfun$playRunTask$4(PlayRun.scala:77)
	at play.runsupport.Reloader.$anonfun$reload$1(Reloader.scala:413)
	at play.runsupport.Reloader$$anon$1.run(Reloader.scala:51)
	at java.base/java.security.AccessController.doPrivileged(Native Method)
	at play.runsupport.Reloader$.play$runsupport$Reloader$$withReloaderContextClassLoader(Reloader.scala:56)
	at play.runsupport.Reloader.reload(Reloader.scala:413)
	at play.core.server.DevServerStart$$anon$1.get(DevServerStart.scala:126)
	at play.core.server.AkkaHttpServer.handleRequest(AkkaHttpServer.scala:253)
	at play.core.server.AkkaHttpServer.$anonfun$createServerBinding$1(AkkaHttpServer.scala:149)
	at akka.stream.impl.fusing.MapAsync$$anon$30.onPush(Ops.scala:1207)
	at akka.stream.impl.fusing.GraphInterpreter.processPush(GraphInterpreter.scala:519)
	at akka.stream.impl.fusing.GraphInterpreter.execute(GraphInterpreter.scala:411)
	at akka.stream.impl.fusing.GraphInterpreterShell.runBatch(ActorGraphInterpreter.scala:588)
	at akka.stream.impl.fusing.GraphInterpreterShell$AsyncInput.execute(ActorGraphInterpreter.scala:472)
	at akka.stream.impl.fusing.GraphInterpreterShell.processEvent(ActorGraphInterpreter.scala:563)
	at akka.stream.impl.fusing.ActorGraphInterpreter.akka$stream$impl$fusing$ActorGraphInterpreter$$processEvent(ActorGraphInterpreter.scala:745)
	at akka.stream.impl.fusing.ActorGraphInterpreter$$anonfun$receive$1.applyOrElse(ActorGraphInterpreter.scala:760)
	at akka.actor.Actor.aroundReceive(Actor.scala:517)
	at akka.actor.Actor.aroundReceive$(Actor.scala:515)
	at akka.stream.impl.fusing.ActorGraphInterpreter.aroundReceive(ActorGraphInterpreter.scala:670)
	at akka.actor.ActorCell.receiveMessage(ActorCell.scala:588)
	at akka.actor.ActorCell.invoke(ActorCell.scala:557)
	at akka.dispatch.Mailbox.processMailbox(Mailbox.scala:258)
	at akka.dispatch.Mailbox.run(Mailbox.scala:225)
	at akka.dispatch.Mailbox.exec(Mailbox.scala:235)
	at akka.dispatch.forkjoin.ForkJoinTask.doExec(ForkJoinTask.java:260)
	at akka.dispatch.forkjoin.ForkJoinPool$WorkQueue.runTask(ForkJoinPool.java:1339)
	at akka.dispatch.forkjoin.ForkJoinPool.runWorker(ForkJoinPool.java:1979)
	at akka.dispatch.forkjoin.ForkJoinWorkerThread.run(ForkJoinWorkerThread.java:107)
2019-03-14 03:40:56,086 [INFO] from application in application-akka.actor.default-dispatcher-8 - Shutting down connection pool.
2019-03-14 03:40:56,195 [INFO] from play.api.db.DefaultDBApi in play-dev-mode-akka.actor.default-dispatcher-76 - Database [default] initialized at jdbc:h2:mem:play;MODE=PostgreSQL;DB_CLOSE_DELAY=-1
2019-03-14 03:40:56,195 [INFO] from application in play-dev-mode-akka.actor.default-dispatcher-76 - Creating Pool for datasource 'default'
2019-03-14 03:40:56,260 [INFO] from play.api.http.EnabledFilters in play-dev-mode-akka.actor.default-dispatcher-76 - Enabled Filters (see <https://www.playframework.com/documentation/latest/Filters>):

    play.filters.csrf.CSRFFilter
    play.filters.headers.SecurityHeadersFilter
    play.filters.hosts.AllowedHostsFilter

2019-03-14 03:40:56,261 [INFO] from play.api.Play in play-dev-mode-akka.actor.default-dispatcher-76 - Application started (Dev) (no global state)
2019-03-14 03:41:26,783 [INFO] from application in application-akka.actor.default-dispatcher-8 - Shutting down connection pool.
2019-03-14 03:41:26,885 [INFO] from play.api.db.DefaultDBApi in play-dev-mode-akka.actor.default-dispatcher-80 - Database [default] initialized at jdbc:h2:mem:play;MODE=PostgreSQL;DB_CLOSE_DELAY=-1
2019-03-14 03:41:26,885 [INFO] from application in play-dev-mode-akka.actor.default-dispatcher-80 - Creating Pool for datasource 'default'
2019-03-14 03:41:26,960 [INFO] from play.api.http.EnabledFilters in play-dev-mode-akka.actor.default-dispatcher-80 - Enabled Filters (see <https://www.playframework.com/documentation/latest/Filters>):

    play.filters.csrf.CSRFFilter
    play.filters.headers.SecurityHeadersFilter
    play.filters.hosts.AllowedHostsFilter

2019-03-14 03:41:26,961 [INFO] from play.api.Play in play-dev-mode-akka.actor.default-dispatcher-80 - Application started (Dev) (no global state)
2019-03-14 04:25:45,427 [WARN] from com.zaxxer.hikari.pool.HikariPool in HikariPool-15 housekeeper - HikariPool-15 - Thread starvation or clock leap detected (housekeeper delta=13m18s539ms386µs727ns).
2019-03-14 11:32:32,619 [WARN] from com.zaxxer.hikari.pool.HikariPool in HikariPool-15 housekeeper - HikariPool-15 - Thread starvation or clock leap detected (housekeeper delta=6h36m47s293ms238µs15ns).
2019-03-14 13:33:04,268 [WARN] from com.zaxxer.hikari.pool.HikariPool in HikariPool-15 housekeeper - HikariPool-15 - Thread starvation or clock leap detected (housekeeper delta=1h8m1s717ms409µs264ns).
2019-03-14 13:45:40,521 [WARN] from play.filters.CSRF in application-akka.actor.default-dispatcher-35 - [CSRF] Check failed because no token found in headers for /products/
2019-03-14 14:08:26,591 [INFO] from play.core.server.AkkaHttpServer in play-dev-mode-shutdown-hook-1 - Stopping server...
2019-03-14 14:08:32,638 [INFO] from application in application-akka.actor.default-dispatcher-35 - Shutting down connection pool.
2019-03-14 14:08:32,812 [INFO] from play.api.db.DefaultDBApi in play-dev-mode-akka.actor.default-dispatcher-149 - Database [default] initialized at jdbc:h2:mem:play;MODE=PostgreSQL;DB_CLOSE_DELAY=-1
2019-03-14 14:08:32,813 [INFO] from application in play-dev-mode-akka.actor.default-dispatcher-149 - Creating Pool for datasource 'default'
2019-03-14 14:08:32,999 [INFO] from play.api.http.EnabledFilters in play-dev-mode-akka.actor.default-dispatcher-149 - Enabled Filters (see <https://www.playframework.com/documentation/latest/Filters>):

    play.filters.csrf.CSRFFilter
    play.filters.headers.SecurityHeadersFilter
    play.filters.hosts.AllowedHostsFilter

2019-03-14 14:08:33,000 [INFO] from play.api.Play in play-dev-mode-akka.actor.default-dispatcher-149 - Application started (Dev) (no global state)
2019-03-14 14:08:33,001 [INFO] from application in application-akka.actor.default-dispatcher-5 - Shutting down connection pool.
